<?xml version="1.0" encoding="UTF-8"?>
<!-- Generated by org.testng.reporters.JUnitReportReporter -->
<testsuite hostname="IslamAminPc" failures="0" tests="1" name="testcases.books.TC04_Get_Existed_Book" time="0.060" errors="0" timestamp="2025-05-17T10:38:52 CDT" skipped="0">
  <testcase classname="testcases.books.TC04_Get_Existed_Book" name="checkGetBooksWorking_P" time="0.060"/>
</testsuite> <!-- testcases.books.TC04_Get_Existed_Book -->
