<?xml version="1.0" encoding="UTF-8"?>
<!-- Generated by org.testng.reporters.JUnitReportReporter -->
<testsuite hostname="IslamAminPc" failures="0" tests="1" name="testcases.houseHolding.TC01_Create_New_Household" time="5.417" errors="0" timestamp="2025-05-17T09:43:37 CDT" skipped="0">
  <testcase classname="testcases.houseHolding.TC01_Create_New_Household" name="createNewBook_P" time="5.417"/>
</testsuite> <!-- testcases.houseHolding.TC01_Create_New_Household -->
