<?xml version="1.0" encoding="UTF-8"?>
<!-- Generated by org.testng.reporters.JUnitReportReporter -->
<testsuite hostname="IslamAminPc" failures="0" tests="1" name="testcases.books.TC03_Update_Existing_Book" time="0.310" errors="0" timestamp="2025-06-30T21:12:36 CDT" skipped="0">
  <testcase classname="testcases.books.TC03_Update_Existing_Book" name="updateExistingBook_P" time="0.310"/>
</testsuite> <!-- testcases.books.TC03_Update_Existing_Book -->
