<?xml version="1.0" encoding="UTF-8"?>
<!-- Generated by org.testng.reporters.JUnitReportReporter -->
<testsuite hostname="IslamAminPc" failures="0" tests="1" name="testcases.books.TC07_Delete_A_Book" time="0.020" errors="0" timestamp="2025-05-16T12:08:58 CDT" skipped="0">
  <testcase classname="testcases.books.TC07_Delete_A_Book" name="deleteExistedBook" time="0.020"/>
</testsuite> <!-- testcases.books.TC07_Delete_A_Book -->
