<?xml version="1.0" encoding="UTF-8"?>
<!-- Generated by org.testng.reporters.JUnitReportReporter -->
<testsuite hostname="IslamAminPc" failures="0" tests="1" name="testcases.books.TC02_Get_A_Book" time="0.121" errors="0" timestamp="2025-06-30T21:12:36 CDT" skipped="0">
  <testcase classname="testcases.books.TC02_Get_A_Book" name="checkGetBooksWorking_P" time="0.121"/>
</testsuite> <!-- testcases.books.TC02_Get_A_Book -->
