<?xml version="1.0" encoding="UTF-8"?>
<!-- Generated by org.testng.reporters.JUnitReportReporter -->
<testsuite hostname="IslamAminPc" failures="0" tests="1" name="testcases.books.TC01_CreateNewBook" time="6.718" errors="0" timestamp="2025-07-02T12:25:00 CDT" skipped="0">
  <testcase classname="testcases.books.TC01_CreateNewBook" name="TC01_createNewBook_ShouldReturnValidResponse_P" time="6.718"/>
</testsuite> <!-- testcases.books.TC01_CreateNewBook -->
