<?xml version="1.0" encoding="UTF-8"?>
<!-- Generated by org.testng.reporters.JUnitReportReporter -->
<testsuite hostname="IslamAminPc" failures="0" tests="1" name="testcases.books.TC01_CreateNewBook" time="5.554" errors="0" timestamp="2025-05-16T00:21:47 CDT" skipped="0">
  <testcase classname="testcases.books.TC01_CreateNewBook" name="createNewBook_P" time="5.554"/>
</testsuite> <!-- testcases.books.TC01_CreateNewBook -->
